0 info it worked if it ends with ok
1 verbose cli [ 'C:\\Program Files\\nodejs\\\\node.exe',
1 verbose cli   'C:\\Program Files\\nodejs\\node_modules\\npm\\bin\\npm-cli.js',
1 verbose cli   'publish' ]
2 info using npm@2.11.3
3 info using node@v0.12.7
4 verbose publish [ '.' ]
5 silly cache add args [ '.', null ]
6 verbose cache add spec .
7 silly cache add parsed spec { raw: '.',
7 silly cache add   scope: null,
7 silly cache add   name: null,
7 silly cache add   rawSpec: '.',
7 silly cache add   spec: 'C:\\Users\\Shani\\Documents\\Training\\SetMeUp\\npm_projects\\helloworld',
7 silly cache add   type: 'directory' }
8 verbose addLocalDirectory C:\Users\Shani\AppData\Roaming\npm-cache\HelloWorld\0.0.1\package.tgz not in flight; packing
9 verbose tar pack [ 'C:\\Users\\Shani\\AppData\\Roaming\\npm-cache\\HelloWorld\\0.0.1\\package.tgz',
9 verbose tar pack   'C:\\Users\\Shani\\Documents\\Training\\SetMeUp\\npm_projects\\helloworld' ]
10 verbose tarball C:\Users\Shani\AppData\Roaming\npm-cache\HelloWorld\0.0.1\package.tgz
11 verbose folder C:\Users\Shani\Documents\Training\SetMeUp\npm_projects\helloworld
12 info prepublish HelloWorld@0.0.1
13 verbose addLocalTarball adding from inside cache C:\Users\Shani\AppData\Roaming\npm-cache\HelloWorld\0.0.1\package.tgz
14 silly cache afterAdd HelloWorld@0.0.1
15 verbose afterAdd C:\Users\Shani\AppData\Roaming\npm-cache\HelloWorld\0.0.1\package\package.json not in flight; writing
16 verbose afterAdd C:\Users\Shani\AppData\Roaming\npm-cache\HelloWorld\0.0.1\package\package.json written
17 silly publish { name: 'HelloWorld',
17 silly publish   version: '0.0.1',
17 silly publish   dependencies: { express: '^4.13.3' },
17 silly publish   publishConfig: { registry: 'http://localhost:8081/artifactory/api/npm/npm-local' },
17 silly publish   readme: 'ERROR: No README data found!',
17 silly publish   _id: 'HelloWorld@0.0.1',
17 silly publish   scripts: {},
17 silly publish   _shasum: 'ff00662810e4479b7e51ae2b39ec713feff55e4f',
17 silly publish   _from: '.' }
18 verbose getPublishConfig { registry: 'http://localhost:8081/artifactory/api/npm/npm-local' }
19 silly mapToRegistry name HelloWorld
20 silly mapToRegistry using default registry
21 silly mapToRegistry registry http://localhost:8081/artifactory/api/npm/npm-local
22 silly mapToRegistry uri http://localhost:8081/artifactory/api/npm/npm-local/HelloWorld
23 verbose publish registryBase http://localhost:8081/artifactory/api/npm/npm-local/
24 silly publish uploading C:\Users\Shani\AppData\Roaming\npm-cache\HelloWorld\0.0.1\package.tgz
25 verbose request uri http://localhost:8081/artifactory/api/npm/npm-local/HelloWorld
26 verbose request always-auth set; sending authorization
27 info attempt registry request try #1 at 11:53:20
28 verbose request id f4f33d6e01084279
29 http request PUT http://localhost:8081/artifactory/api/npm/npm-local/HelloWorld
30 http 403 http://localhost:8081/artifactory/api/npm/npm-local/HelloWorld
31 verbose headers { server: 'Artifactory/4.0.0',
31 verbose headers   'x-artifactory-id': 'ec25b60b17ee219c:-58af909d:14f8df54c22:-8000',
31 verbose headers   'artifactory-ui-messages': '[]',
31 verbose headers   'content-type': 'application/json',
31 verbose headers   'transfer-encoding': 'chunked',
31 verbose headers   date: 'Thu, 03 Sep 2015 08:53:20 GMT' }
32 verbose request invalidating C:\Users\Shani\AppData\Roaming\npm-cache\localhost_8081\artifactory\api\npm\npm-local\HelloWorld on PUT
33 error publish Failed PUT 403
34 verbose stack Error: forbidden cannot modify pre-existing version: 0.0.1.: artifactory
34 verbose stack     at CachingRegistryClient.<anonymous> (C:\Program Files\nodejs\node_modules\npm\node_modules\npm-registry-client\lib\request.js:247:14)
34 verbose stack     at Request._callback (C:\Program Files\nodejs\node_modules\npm\node_modules\npm-registry-client\lib\request.js:170:14)
34 verbose stack     at Request.self.callback (C:\Program Files\nodejs\node_modules\npm\node_modules\request\request.js:354:22)
34 verbose stack     at Request.emit (events.js:110:17)
34 verbose stack     at Request.<anonymous> (C:\Program Files\nodejs\node_modules\npm\node_modules\request\request.js:1207:14)
34 verbose stack     at Request.emit (events.js:129:20)
34 verbose stack     at IncomingMessage.<anonymous> (C:\Program Files\nodejs\node_modules\npm\node_modules\request\request.js:1153:12)
34 verbose stack     at IncomingMessage.emit (events.js:129:20)
34 verbose stack     at _stream_readable.js:908:16
34 verbose stack     at process._tickCallback (node.js:355:11)
35 verbose statusCode 403
36 verbose pkgid artifactory
37 verbose cwd C:\Users\Shani\Documents\Training\SetMeUp\npm_projects\helloworld
38 error Windows_NT 6.1.7601
39 error argv "C:\\Program Files\\nodejs\\\\node.exe" "C:\\Program Files\\nodejs\\node_modules\\npm\\bin\\npm-cli.js" "publish"
40 error node v0.12.7
41 error npm  v2.11.3
42 error code E403
43 error forbidden cannot modify pre-existing version: 0.0.1.: artifactory
44 error If you need help, you may report this error at:
44 error     <https://github.com/npm/npm/issues>
45 verbose exit [ 1, true ]
